[20:29:34] [main/INFO]: Environment: authHost='https://authserver.mojang.com', accountsHost='https://api.mojang.com', sessionHost='https://sessionserver.mojang.com', servicesHost='https://api.minecraftservices.com', name='PROD'
[20:29:35] [main/INFO]: Reloading ResourceManager: Default, bukkit
[20:29:35] [Worker-Main-2/INFO]: Loaded 7 recipes
[20:29:36] [Server thread/INFO]: Starting minecraft server version 1.16.5
[20:29:36] [Server thread/INFO]: Loading properties
[20:29:36] [Server thread/INFO]: This server is running Paper version git-Paper-794 (MC: 1.16.5) (Implementing API version 1.16.5-R0.1-SNAPSHOT)
[20:29:36] [Server thread/INFO]: Debug logging is disabled
[20:29:36] [Server thread/INFO]: Server Ping Player Sample Count: 12
[20:29:36] [Server thread/INFO]: Using 4 threads for Netty based IO
[20:29:36] [Server thread/INFO]: Default game type: SURVIVAL
[20:29:36] [Server thread/INFO]: Generating keypair
[20:29:36] [Server thread/INFO]: Starting Minecraft server on *:25565
[20:29:36] [Server thread/INFO]: Using epoll channel type
[20:29:37] [Server thread/ERROR]: Could not load 'plugins/SetHome (1).jar' in folder 'plugins'
org.bukkit.plugin.InvalidPluginException: java.lang.UnsupportedClassVersionError: live/skayu/sethome/Main has been compiled by a more recent version of the Java Runtime (class file version 61.0), this version of the Java Runtime only recognizes class file versions up to 55.0
	at org.bukkit.plugin.java.JavaPluginLoader.loadPlugin(JavaPluginLoader.java:157) ~[patched_1.16.5.jar:git-Paper-794]
	at org.bukkit.plugin.SimplePluginManager.loadPlugin(SimplePluginManager.java:414) ~[patched_1.16.5.jar:git-Paper-794]
	at org.bukkit.plugin.SimplePluginManager.loadPlugins(SimplePluginManager.java:322) ~[patched_1.16.5.jar:git-Paper-794]
	at org.bukkit.craftbukkit.v1_16_R3.CraftServer.loadPlugins(CraftServer.java:393) ~[patched_1.16.5.jar:git-Paper-794]
	at net.minecraft.server.v1_16_R3.DedicatedServer.init(DedicatedServer.java:269) ~[patched_1.16.5.jar:git-Paper-794]
	at net.minecraft.server.v1_16_R3.MinecraftServer.w(MinecraftServer.java:1074) ~[patched_1.16.5.jar:git-Paper-794]
	at net.minecraft.server.v1_16_R3.MinecraftServer.lambda$a$0(MinecraftServer.java:291) ~[patched_1.16.5.jar:git-Paper-794]
	at java.lang.Thread.run(Thread.java:829) [?:?]
Caused by: java.lang.UnsupportedClassVersionError: live/skayu/sethome/Main has been compiled by a more recent version of the Java Runtime (class file version 61.0), this version of the Java Runtime only recognizes class file versions up to 55.0
	at java.lang.ClassLoader.defineClass1(Native Method) ~[?:?]
	at java.lang.ClassLoader.defineClass(ClassLoader.java:1022) ~[?:?]
	at java.security.SecureClassLoader.defineClass(SecureClassLoader.java:174) ~[?:?]
	at org.bukkit.plugin.java.PluginClassLoader.findClass(PluginClassLoader.java:201) ~[patched_1.16.5.jar:git-Paper-794]
	at java.lang.ClassLoader.loadClass(ClassLoader.java:594) ~[?:?]
	at org.bukkit.plugin.java.PluginClassLoader.loadClass0(PluginClassLoader.java:119) ~[patched_1.16.5.jar:git-Paper-794]
	at org.bukkit.plugin.java.PluginClassLoader.loadClass(PluginClassLoader.java:114) ~[patched_1.16.5.jar:git-Paper-794]
	at java.lang.ClassLoader.loadClass(ClassLoader.java:527) ~[?:?]
	at java.lang.Class.forName0(Native Method) ~[?:?]
	at java.lang.Class.forName(Class.java:398) ~[?:?]
	at org.bukkit.plugin.java.PluginClassLoader.<init>(PluginClassLoader.java:82) ~[patched_1.16.5.jar:git-Paper-794]
	at org.bukkit.plugin.java.JavaPluginLoader.loadPlugin(JavaPluginLoader.java:153) ~[patched_1.16.5.jar:git-Paper-794]
	... 7 more
[20:29:37] [Server thread/INFO]: [SimpleTpa] Loading SimpleTpa v8.0
[20:29:37] [Server thread/INFO]: [SkinsRestorer] Loading SkinsRestorer v15.9.0
[20:29:37] [Server thread/INFO]: Server permissions file permissions.yml is empty, ignoring it
[20:29:37] [Server thread/INFO]: [SkinsRestorer] Enabling SkinsRestorer v15.9.0
[20:29:38] [Server thread/INFO]: [33;1m[[32;22mSkinsRestorer[33;1m] [0;39m[32;1mRunning on Minecraft [33;1m1.16.5[32;1m.[0;39m
[20:29:38] [Server thread/INFO]: [33;1m[[32;22mSkinsRestorer[33;1m] [0;39mUsing paper join listener![0;39m
[20:29:38] [Server thread/WARN]: [33;1m[[32;22mSkinsRestorer[33;1m] [0;39m[33;1m[33;1mYou are running an outdated Java version, please update it to at least Java 21 (your version is 11).[0;39m
[20:29:38] [Server thread/WARN]: [33;1m[[32;22mSkinsRestorer[33;1m] [0;39m[33;1m[33;1mSkinsRestorer no longer officially supports this version of Java, you are currently using an unsupported compatibility build.[0;39m
[20:29:38] [Server thread/WARN]: [33;1m[[32;22mSkinsRestorer[33;1m] [0;39m[33;1m[33;1mYou can still use the plugin, but you may encounter issues that are not present in newer versions of Java.[0;39m
[20:29:38] [Server thread/WARN]: **** SERVER IS RUNNING IN OFFLINE/INSECURE MODE!
[20:29:38] [Server thread/WARN]: The server will make no attempt to authenticate usernames. Beware.
[20:29:38] [Server thread/WARN]: While this makes the game possible to play without internet access, it also opens up the ability for hackers to connect with any username they choose.
[20:29:38] [Server thread/WARN]: To change this, set "online-mode" to "true" in the server.properties file.
[20:29:38] [Server thread/INFO]: Preparing level "world"
[20:29:39] [Server thread/INFO]: Preparing start region for dimension minecraft:overworld
[20:29:39] [Server thread/INFO]: Preparing spawn area: 0%
[20:29:39] [Server thread/INFO]: Preparing spawn area: 0%
[20:29:39] [Server thread/INFO]: Time elapsed: 683 ms
[20:29:39] [Server thread/INFO]: Preparing start region for dimension minecraft:the_nether
[20:29:39] [Server thread/INFO]: Preparing spawn area: 0%
[20:29:40] [Server thread/INFO]: Time elapsed: 302 ms
[20:29:40] [Server thread/INFO]: Preparing start region for dimension minecraft:the_end
[20:29:40] [Server thread/INFO]: Time elapsed: 77 ms
[20:29:40] [Server thread/INFO]: [SimpleTpa] Enabling SimpleTpa v8.0
[20:29:40] [Server thread/INFO]: [SimpleTpa] If you need support contact me at https://discord.gg/SZUkza9
[20:29:40] [Server thread/INFO]: [SimpleTpa] Simple Tpa has been enabled on version 8.0
[20:29:40] [Server thread/INFO]: Enabled metrics. You may opt-out by changing plugins/bStats/config.yml
[20:29:40] [Server thread/INFO]: Running delayed init tasks
[20:29:40] [Server thread/INFO]: Done (3.597s)! For help, type "help"
[20:29:40] [Server thread/WARN]: [io.papermc.paper.util.PaperJvmChecker] ************************************************************
[20:29:40] [Server thread/WARN]: [io.papermc.paper.util.PaperJvmChecker] * WARNING - YOU ARE RUNNING AN OUTDATED VERSION OF JAVA.
[20:29:40] [Server thread/WARN]: [io.papermc.paper.util.PaperJvmChecker] * PAPER WILL STOP BEING COMPATIBLE WITH THIS VERSION OF
[20:29:40] [Server thread/WARN]: [io.papermc.paper.util.PaperJvmChecker] * JAVA WHEN MINECRAFT 1.17 IS RELEASED.
[20:29:40] [Server thread/WARN]: [io.papermc.paper.util.PaperJvmChecker] *
[20:29:40] [Server thread/WARN]: [io.papermc.paper.util.PaperJvmChecker] * Please update the version of Java you use to run Paper
[20:29:40] [Server thread/WARN]: [io.papermc.paper.util.PaperJvmChecker] * to at least Java 16. When Paper for Minecraft 1.17 is
[20:29:40] [Server thread/WARN]: [io.papermc.paper.util.PaperJvmChecker] * released support for versions of Java before 16 will
[20:29:40] [Server thread/WARN]: [io.papermc.paper.util.PaperJvmChecker] * be dropped.
[20:29:40] [Server thread/WARN]: [io.papermc.paper.util.PaperJvmChecker] *
[20:29:40] [Server thread/WARN]: [io.papermc.paper.util.PaperJvmChecker] * Current Java version: 11.0.28
[20:29:40] [Server thread/WARN]: [io.papermc.paper.util.PaperJvmChecker] *
[20:29:40] [Server thread/WARN]: [io.papermc.paper.util.PaperJvmChecker] * Check this forum post for more information: 
[20:29:40] [Server thread/WARN]: [io.papermc.paper.util.PaperJvmChecker] *   https://papermc.io/java16
[20:29:40] [Server thread/WARN]: [io.papermc.paper.util.PaperJvmChecker] ************************************************************
[20:29:40] [Server thread/INFO]: Timings Reset
[20:29:41] [Craft Scheduler Thread - 2/INFO]: [33;1m[[32;22mSkinsRestorer[33;1m] [0;39m[32;1m----------------------------------------------[0;39m
[20:29:41] [Craft Scheduler Thread - 2/INFO]: [33;1m[[32;22mSkinsRestorer[33;1m] [0;39m[32;1m    +==================+[0;39m
[20:29:41] [Craft Scheduler Thread - 2/INFO]: [33;1m[[32;22mSkinsRestorer[33;1m] [0;39m[32;1m    |   SkinsRestorer  |[0;39m
[20:29:41] [Craft Scheduler Thread - 2/INFO]: [33;1m[[32;22mSkinsRestorer[33;1m] [0;39m[32;1m    |------------------|[0;39m
[20:29:41] [Craft Scheduler Thread - 2/INFO]: [33;1m[[32;22mSkinsRestorer[33;1m] [0;39m[32;1m    |  [34;1m[4m[21mStandalone Mode[0;39m[32;1m |[0;39m
[20:29:41] [Craft Scheduler Thread - 2/INFO]: [33;1m[[32;22mSkinsRestorer[33;1m] [0;39m[32;1m    +==================+[0;39m
[20:29:41] [Craft Scheduler Thread - 2/INFO]: [33;1m[[32;22mSkinsRestorer[33;1m] [0;39m[32;1m----------------------------------------------[0;39m
[20:29:41] [Craft Scheduler Thread - 2/INFO]: [33;1m[[32;22mSkinsRestorer[33;1m] [0;39m[36;1m    Version: [32;1m15.9.0[0;39m
[20:29:41] [Craft Scheduler Thread - 2/INFO]: [33;1m[[32;22mSkinsRestorer[33;1m] [0;39m[36;1m    Commit: [32;1m1565b8f[0;39m
[20:29:41] [Craft Scheduler Thread - 2/INFO]: [33;1m[[32;22mSkinsRestorer[33;1m] [0;39m[32;1m    This is the latest version![0;39m
[20:29:41] [Craft Scheduler Thread - 2/INFO]: [33;1m[[32;22mSkinsRestorer[33;1m] [0;39m[32;1m----------------------------------------------[0;39m
[20:29:41] [Craft Scheduler Thread - 2/INFO]: [33;1m[[32;22mSkinsRestorer[33;1m] [0;39m[34;1mDo you have issues? Read our troubleshooting guide: [33;1mhttps://skinsrestorer.net/docs/troubleshooting[0;39m
[20:29:41] [Craft Scheduler Thread - 2/INFO]: [33;1m[[32;22mSkinsRestorer[33;1m] [0;39m[34;1mWant to support SkinsRestorer? Consider donating: [33;1mhttps://skinsrestorer.net/donate[0;39m
[20:41:25] [User Authenticator #1/INFO]: UUID of player Dar10z10 is a106415f-5637-30c4-bc69-0a86a783afbe
[20:41:25] [Server thread/INFO]: Dar10z10 joined the game
[20:41:25] [Server thread/INFO]: Dar10z10[/127.228.226.164:34737] logged in with entity id 187 at ([world]1681.173745506353, 71.24918707874468, -2695.2063172081052)
[20:41:33] [Async Chat Thread - #0/INFO]: <Dar10z10> vasvavsavs
[20:41:42] [Async Chat Thread - #0/INFO]: <Dar10z10> Dar10z10
[20:45:12] [User Authenticator #2/INFO]: UUID of player gabriel123 is 76111a5e-a456-3749-a998-a8063586c0b5
[20:45:12] [Server thread/INFO]: gabriel123 joined the game
[20:45:12] [Server thread/INFO]: gabriel123[/127.137.85.243:55685] logged in with entity id 2725 at ([world]-3196.4175002726724, 67.0, -2214.972851582973)
[20:45:18] [Async Chat Thread - #1/INFO]: <Dar10z10> vavavava
[20:45:47] [Server thread/INFO]: gabriel123 issued server command: /back
[20:53:21] [Async Chat Thread - #2/INFO]: <gabriel123> oeee
[20:53:32] [Async Chat Thread - #2/INFO]: <Dar10z10> dime
[20:53:34] [Async Chat Thread - #2/INFO]: <gabriel123> nad
[20:53:46] [Async Chat Thread - #2/INFO]: <Dar10z10> NPC
[20:55:57] [User Authenticator #3/INFO]: UUID of player Mi5ue1R is 182fb8d9-bf54-304d-ac2f-2601c42d3d15
[20:55:57] [Server thread/INFO]: Mi5ue1R joined the game
[20:55:57] [Server thread/INFO]: Mi5ue1R[/127.102.98.184:56591] logged in with entity id 7024 at ([world]1895.3318299916698, 77.46745500925175, -427.97789888731194)
[20:56:04] [Async Chat Thread - #3/INFO]: <Dar10z10> vavava
[20:56:09] [Async Chat Thread - #3/INFO]: <Dar10z10> electro vende p
[20:56:39] [Async Chat Thread - #3/INFO]: <Mi5ue1R> ahi voy
[20:56:44] [Async Chat Thread - #3/INFO]: <Mi5ue1R> ahorita llego a mi vase
[20:56:58] [Async Chat Thread - #3/INFO]: <Mi5ue1R> mno ahora soy creyente
[20:57:14] [Async Chat Thread - #3/INFO]: <Mi5ue1R> diosito me salvo q no me metieran plomo
[20:57:22] [Async Chat Thread - #3/INFO]: <Dar10z10> lit
[20:57:26] [Async Chat Thread - #3/INFO]: <gabriel123> sjsjsjs
[20:57:32] [Async Chat Thread - #3/INFO]: <Dar10z10> oe firme
[20:57:42] [Async Chat Thread - #3/INFO]: <Dar10z10> a electro lo asaltaron
[20:57:50] [Async Chat Thread - #3/INFO]: <gabriel123> oee
[20:58:56] [Async Chat Thread - #4/INFO]: <Mi5ue1R> ahorita vuelvo
[20:58:58] [Server thread/INFO]: Mi5ue1R lost connection: Disconnected
[20:58:58] [Server thread/INFO]: Mi5ue1R left the game
